\BOOKMARK [0][-]{chapter.1}{Introduction}{}% 1
\BOOKMARK [0][-]{chapter.2}{Proofs}{}% 2
\BOOKMARK [1][-]{section.2.1}{Propositional Resolution Calculus}{chapter.2}% 3
\BOOKMARK [1][-]{section.2.2}{Proof Processing}{chapter.2}% 4
\BOOKMARK [0][-]{chapter.3}{Congruence}{}% 5
\BOOKMARK [1][-]{section.3.1}{Congruence Closure}{chapter.3}% 6
\BOOKMARK [1][-]{section.3.2}{Resolution extended with equality}{chapter.3}% 7
\BOOKMARK [1][-]{section.3.3}{NP-completeness of Short Explanation Decision Problem}{chapter.3}% 8
\BOOKMARK [1][-]{section.3.4}{Explanation Producing Congruence Closure}{chapter.3}% 9
\BOOKMARK [1][-]{section.3.5}{Proof Production}{chapter.3}% 10
\BOOKMARK [1][-]{section.3.6}{Future Work}{chapter.3}% 11
\BOOKMARK [0][-]{chapter.4}{Pebbling}{}% 12
\BOOKMARK [1][-]{section.4.1}{Pebbling Game and Space}{chapter.4}% 13
\BOOKMARK [1][-]{section.4.2}{Pebbling as a Satisfiability Problem}{chapter.4}% 14
\BOOKMARK [1][-]{section.4.3}{Greedy Pebbling Algorithms}{chapter.4}% 15
\BOOKMARK [1][-]{section.4.4}{Heuristics}{chapter.4}% 16
\BOOKMARK [1][-]{section.4.5}{Experiments}{chapter.4}% 17
\BOOKMARK [1][-]{section.4.6}{Future Work}{chapter.4}% 18
\BOOKMARK [0][-]{chapter.5}{Conclusion}{}% 19
\BOOKMARK [0][-]{section*.24}{Bibliography}{}% 20
